<?xml version="1.0" encoding="UTF-8"?>
<!-- Generated by org.testng.reporters.JUnitReportReporter -->
<testsuite hostname="LAPTOP-FL730MCA" failures="0" tests="3" name="com.TestNG.SampleTestCase" time="0.000" errors="0" timestamp="2020-08-20T11:45:04 PDT" skipped="3">
  <testcase classname="com.TestNG.SampleTestCase" name="TestCase3" time="0.000">
    <skipped/>
  </testcase> <!-- TestCase3 -->
  <system-out/>
  <testcase classname="com.TestNG.SampleTestCase" name="TestCase1" time="0.000">
    <skipped/>
  </testcase> <!-- TestCase1 -->
  <system-out/>
  <testcase classname="com.TestNG.SampleTestCase" name="TestCase2" time="0.000">
    <skipped/>
  </testcase> <!-- TestCase2 -->
  <system-out/>
</testsuite> <!-- com.TestNG.SampleTestCase -->
