<?xml version="1.0" encoding="UTF-8"?>
<!-- Generated by org.testng.reporters.JUnitReportReporter -->
<testsuite hostname="LAPTOP-FL730MCA" failures="0" tests="1" name="com.testcases.Authentification" time="0.000" errors="0" timestamp="2020-08-20T11:45:04 PDT" skipped="1">
  <testcase classname="com.testcases.Authentification" name="actionOn" time="0.000">
    <skipped/>
  </testcase> <!-- actionOn -->
  <system-out/>
</testsuite> <!-- com.testcases.Authentification -->
