<?xml version="1.0" encoding="UTF-8"?>
<!-- Generated by org.testng.reporters.JUnitReportReporter -->
<testsuite hostname="LAPTOP-FL730MCA" failures="0" tests="3" name="com.TestNG.Flipcart" time="0.000" errors="0" timestamp="2020-08-20T11:45:04 PDT" skipped="3">
  <testcase classname="com.TestNG.Flipcart" name="addproduct" time="0.000">
    <skipped/>
  </testcase> <!-- addproduct -->
  <system-out/>
  <testcase classname="com.TestNG.Flipcart" name="search" time="0.000">
    <skipped/>
  </testcase> <!-- search -->
  <system-out/>
  <testcase classname="com.TestNG.Flipcart" name="selectproduct" time="0.000">
    <skipped/>
  </testcase> <!-- selectproduct -->
  <system-out/>
</testsuite> <!-- com.TestNG.Flipcart -->
