<?xml version="1.0" encoding="UTF-8"?>
<!-- Generated by org.testng.reporters.JUnitReportReporter -->
<testsuite hostname="LAPTOP-FL730MCA" failures="0" tests="3" name="com.TestNG.ParallelExecution" time="0.037" errors="0" timestamp="2020-08-18T10:24:19 PDT" skipped="0">
  <testcase classname="com.TestNG.ParallelExecution" name="testCase1" time="0.027"/>
  <system-out/>
  <testcase classname="com.TestNG.ParallelExecution" name="testCase3" time="0.003"/>
  <system-out/>
  <testcase classname="com.TestNG.ParallelExecution" name="testCase2" time="0.007"/>
  <system-out/>
</testsuite> <!-- com.TestNG.ParallelExecution -->
