<?xml version="1.0" encoding="UTF-8"?>
<!-- Generated by org.testng.reporters.JUnitReportReporter -->
<testsuite hostname="LAPTOP-FL730MCA" failures="0" tests="2" name="HomeWork.DataProviderOrangeHRM" time="18.209" errors="0" timestamp="2020-08-20T21:32:09 PDT" skipped="0">
  <testcase classname="HomeWork.DataProviderOrangeHRM" name="login" time="8.678"/>
  <system-out/>
  <testcase classname="HomeWork.DataProviderOrangeHRM" name="login" time="9.531"/>
  <system-out/>
</testsuite> <!-- HomeWork.DataProviderOrangeHRM -->
