<?xml version="1.0" encoding="UTF-8"?>
<!-- Generated by org.testng.reporters.JUnitReportReporter -->
<testsuite hostname="LAPTOP-FL730MCA" failures="0" tests="3" name="com.TestNG.PriorityTestCases" time="0.034" errors="0" timestamp="2020-08-18T10:06:36 PDT" skipped="0">
  <testcase classname="com.TestNG.PriorityTestCases" name="testCase2" time="0.030"/>
  <system-out/>
  <testcase classname="com.TestNG.PriorityTestCases" name="testCase3" time="0.002"/>
  <system-out/>
  <testcase classname="com.TestNG.PriorityTestCases" name="testCase1" time="0.002"/>
  <system-out/>
</testsuite> <!-- com.TestNG.PriorityTestCases -->
