<?xml version="1.0" encoding="UTF-8"?>
<!-- Generated by org.testng.reporters.JUnitReportReporter -->
<testsuite hostname="LAPTOP-FL730MCA" failures="0" tests="2" name="com.TestNG.DifferentBrowser" time="0.000" errors="0" timestamp="2020-08-20T11:45:04 PDT" skipped="2">
  <testcase classname="com.TestNG.DifferentBrowser" name="facebook" time="0.000">
    <skipped/>
  </testcase> <!-- facebook -->
  <system-out/>
  <testcase classname="com.TestNG.DifferentBrowser" name="orangeHRM" time="0.000">
    <skipped/>
  </testcase> <!-- orangeHRM -->
  <system-out/>
</testsuite> <!-- com.TestNG.DifferentBrowser -->
