<?xml version="1.0" encoding="UTF-8"?>
<!-- Generated by org.testng.reporters.JUnitReportReporter -->
<testsuite hostname="LAPTOP-FL730MCA" failures="0" tests="3" name="com.TestNG.ParallelExecution1" time="0.031" errors="0" timestamp="2020-08-18T10:24:19 PDT" skipped="0">
  <testcase classname="com.TestNG.ParallelExecution1" name="testCase4" time="0.027"/>
  <system-out/>
  <testcase classname="com.TestNG.ParallelExecution1" name="testCase6" time="0.002"/>
  <system-out/>
  <testcase classname="com.TestNG.ParallelExecution1" name="testCase5" time="0.002"/>
  <system-out/>
</testsuite> <!-- com.TestNG.ParallelExecution1 -->
