<?xml version="1.0" encoding="UTF-8"?>
<!-- Generated by org.testng.reporters.JUnitReportReporter -->
<testsuite hostname="LAPTOP-FL730MCA" failures="0" tests="3" name="com.TestNG.PriorityTestCases" time="0.000" errors="0" timestamp="2020-08-20T11:45:04 PDT" skipped="3">
  <testcase classname="com.TestNG.PriorityTestCases" name="testCase2" time="0.000">
    <skipped/>
  </testcase> <!-- testCase2 -->
  <system-out/>
  <testcase classname="com.TestNG.PriorityTestCases" name="testCase3" time="0.000">
    <skipped/>
  </testcase> <!-- testCase3 -->
  <system-out/>
  <testcase classname="com.TestNG.PriorityTestCases" name="testCase1" time="0.000">
    <skipped/>
  </testcase> <!-- testCase1 -->
  <system-out/>
</testsuite> <!-- com.TestNG.PriorityTestCases -->
