<?xml version="1.0" encoding="UTF-8"?>
<!-- Generated by org.testng.reporters.JUnitReportReporter -->
<testsuite hostname="LAPTOP-FL730MCA" failures="0" tests="3" name="com.TestNG.DependsOnMethods" time="0.000" errors="0" timestamp="2020-08-20T11:45:04 PDT" skipped="3">
  <testcase classname="com.TestNG.DependsOnMethods" name="logout" time="0.000">
    <skipped/>
  </testcase> <!-- logout -->
  <system-out/>
  <testcase classname="com.TestNG.DependsOnMethods" name="login" time="0.000">
    <skipped/>
  </testcase> <!-- login -->
  <system-out/>
  <testcase classname="com.TestNG.DependsOnMethods" name="search" time="0.000">
    <skipped/>
  </testcase> <!-- search -->
  <system-out/>
</testsuite> <!-- com.TestNG.DependsOnMethods -->
