<?xml version="1.0" encoding="UTF-8"?>
<!-- Generated by org.testng.reporters.JUnitReportReporter -->
<testsuite hostname="LAPTOP-FL730MCA" failures="0" tests="1" name="com.TestNG.OrangeHRM" time="10.182" errors="0" timestamp="2020-08-24T11:43:20 PDT" skipped="0">
  <testcase classname="com.TestNG.OrangeHRM" name="login" time="10.182"/>
  <system-out/>
</testsuite> <!-- com.TestNG.OrangeHRM -->
