<?xml version="1.0" encoding="UTF-8"?>
<!-- Generated by org.testng.reporters.JUnitReportReporter -->
<testsuite hostname="LAPTOP-FL730MCA" failures="0" tests="3" name="com.TestNG.ParallelExecution1" time="0.000" errors="0" timestamp="2020-08-20T11:45:04 PDT" skipped="3">
  <testcase classname="com.TestNG.ParallelExecution1" name="testCase6" time="0.000">
    <skipped/>
  </testcase> <!-- testCase6 -->
  <system-out/>
  <testcase classname="com.TestNG.ParallelExecution1" name="testCase5" time="0.000">
    <skipped/>
  </testcase> <!-- testCase5 -->
  <system-out/>
  <testcase classname="com.TestNG.ParallelExecution1" name="testCase4" time="0.000">
    <skipped/>
  </testcase> <!-- testCase4 -->
  <system-out/>
</testsuite> <!-- com.TestNG.ParallelExecution1 -->
